2020-02-06 15:07:14,274 INFO o.a.j.u.JMeterUtils: Setting Locale to en_EN
2020-02-06 15:07:14,648 INFO o.a.j.JMeter: Loading user properties from: /usr/local/Cellar/jmeter/5.2.1/libexec/bin/user.properties
2020-02-06 15:07:14,651 INFO o.a.j.JMeter: Loading system properties from: /usr/local/Cellar/jmeter/5.2.1/libexec/bin/system.properties
2020-02-06 15:07:14,652 INFO o.a.j.JMeter: Copyright (c) 1998-2019 The Apache Software Foundation
2020-02-06 15:07:14,653 INFO o.a.j.JMeter: Version 5.2.1
2020-02-06 15:07:14,653 INFO o.a.j.JMeter: java.version=13.0.1
2020-02-06 15:07:14,653 INFO o.a.j.JMeter: java.vm.name=OpenJDK 64-Bit Server VM
2020-02-06 15:07:14,653 INFO o.a.j.JMeter: os.name=Mac OS X
2020-02-06 15:07:14,654 INFO o.a.j.JMeter: os.arch=x86_64
2020-02-06 15:07:14,654 INFO o.a.j.JMeter: os.version=10.14.6
2020-02-06 15:07:14,654 INFO o.a.j.JMeter: file.encoding=UTF-8
2020-02-06 15:07:14,654 INFO o.a.j.JMeter: java.awt.headless=null
2020-02-06 15:07:14,655 INFO o.a.j.JMeter: Max memory     =1073741824
2020-02-06 15:07:14,655 INFO o.a.j.JMeter: Available Processors =8
2020-02-06 15:07:14,673 INFO o.a.j.JMeter: Default Locale=English (EN)
2020-02-06 15:07:14,673 INFO o.a.j.JMeter: JMeter  Locale=English (EN)
2020-02-06 15:07:14,674 INFO o.a.j.JMeter: JMeterHome=/usr/local/Cellar/jmeter/5.2.1/libexec
2020-02-06 15:07:14,674 INFO o.a.j.JMeter: user.dir  =/Users/pvarga/projects/otpod/mountebank-finex/imposters
2020-02-06 15:07:14,674 INFO o.a.j.JMeter: PWD       =/Users/pvarga/projects/otpod/mountebank-finex/imposters
2020-02-06 15:07:14,677 INFO o.a.j.JMeter: IP: 10.22.160.117 Name: C02TK0KEGTDY FullName: c02tk0kegtdy.mi.corp.rockfin.com
2020-02-06 15:07:18,981 INFO o.a.j.g.a.LookAndFeelCommand: Installing Darcula LAF
2020-02-06 15:07:18,993 INFO o.a.j.g.a.LookAndFeelCommand: Using look and feel: javax.swing.plaf.metal.MetalLookAndFeel [Darcula]
2020-02-06 15:07:18,993 INFO o.a.j.JMeter: Setting LAF to: javax.swing.plaf.metal.MetalLookAndFeel
2020-02-06 15:07:19,015 INFO o.a.j.JMeter: Loaded icon properties from org/apache/jmeter/images/icon.properties
2020-02-06 15:07:20,733 INFO k.a.j.JMeterPluginsUtils: JMeter-Plugins.org v.1.4.0
2020-02-06 15:07:21,508 WARN o.a.j.g.u.MenuFactory: Could not instantiate class: kg.apc.jmeter.reporters.LoadosophiaUploaderGui
java.lang.reflect.InvocationTargetException: null
	at jdk.internal.reflect.NativeConstructorAccessorImpl.newInstance0(Native Method) ~[?:?]
	at jdk.internal.reflect.NativeConstructorAccessorImpl.newInstance(NativeConstructorAccessorImpl.java:62) ~[?:?]
	at jdk.internal.reflect.DelegatingConstructorAccessorImpl.newInstance(DelegatingConstructorAccessorImpl.java:45) ~[?:?]
	at java.lang.reflect.Constructor.newInstanceWithCaller(Constructor.java:500) ~[?:?]
	at java.lang.reflect.Constructor.newInstance(Constructor.java:481) ~[?:?]
	at org.apache.jmeter.gui.util.MenuFactory.getGUIComponent(MenuFactory.java:174) ~[ApacheJMeter_core.jar:5.2.1]
	at org.apache.jmeter.gui.util.MenuFactory.initializeMenus(MenuFactory.java:141) ~[ApacheJMeter_core.jar:5.2.1]
	at org.apache.jmeter.gui.util.MenuFactory.<clinit>(MenuFactory.java:106) ~[ApacheJMeter_core.jar:5.2.1]
	at org.apache.jmeter.control.gui.TestPlanGui.createPopupMenu(TestPlanGui.java:92) ~[ApacheJMeter_core.jar:5.2.1]
	at org.apache.jmeter.gui.tree.JMeterTreeNode.createPopupMenu(JMeterTreeNode.java:185) ~[ApacheJMeter_core.jar:5.2.1]
	at org.apache.jmeter.gui.action.EditCommand.doAction(EditCommand.java:46) ~[ApacheJMeter_core.jar:5.2.1]
	at org.apache.jmeter.gui.action.ActionRouter.performAction(ActionRouter.java:88) ~[ApacheJMeter_core.jar:5.2.1]
	at org.apache.jmeter.gui.action.ActionRouter.lambda$actionPerformed$0(ActionRouter.java:70) ~[ApacheJMeter_core.jar:5.2.1]
	at java.awt.event.InvocationEvent.dispatch(InvocationEvent.java:313) ~[?:?]
	at java.awt.EventQueue.dispatchEventImpl(EventQueue.java:770) ~[?:?]
	at java.awt.EventQueue$4.run(EventQueue.java:721) ~[?:?]
	at java.awt.EventQueue$4.run(EventQueue.java:715) ~[?:?]
	at java.security.AccessController.doPrivileged(AccessController.java:391) [?:?]
	at java.security.ProtectionDomain$JavaSecurityAccessImpl.doIntersectionPrivilege(ProtectionDomain.java:85) [?:?]
	at java.awt.EventQueue.dispatchEvent(EventQueue.java:740) [?:?]
	at java.awt.EventDispatchThread.pumpOneEventForFilters(EventDispatchThread.java:203) [?:?]
	at java.awt.EventDispatchThread.pumpEventsForFilter(EventDispatchThread.java:124) [?:?]
	at java.awt.EventDispatchThread.pumpEventsForHierarchy(EventDispatchThread.java:113) [?:?]
	at java.awt.EventDispatchThread.pumpEvents(EventDispatchThread.java:109) [?:?]
	at java.awt.EventDispatchThread.pumpEvents(EventDispatchThread.java:101) [?:?]
	at java.awt.EventDispatchThread.run(EventDispatchThread.java:90) [?:?]
Caused by: java.lang.NoClassDefFoundError: org/apache/commons/httpclient/methods/multipart/PartSource
	at kg.apc.jmeter.reporters.LoadosophiaUploaderGui.init(LoadosophiaUploaderGui.java:114) ~[JMeterPlugins-Standard.jar:?]
	at kg.apc.jmeter.reporters.LoadosophiaUploaderGui.<init>(LoadosophiaUploaderGui.java:28) ~[JMeterPlugins-Standard.jar:?]
	... 26 more
Caused by: java.lang.ClassNotFoundException: org.apache.commons.httpclient.methods.multipart.PartSource
	at java.net.URLClassLoader.findClass(URLClassLoader.java:436) ~[?:?]
	at java.lang.ClassLoader.loadClass(ClassLoader.java:588) ~[?:?]
	at java.lang.ClassLoader.loadClass(ClassLoader.java:521) ~[?:?]
	at kg.apc.jmeter.reporters.LoadosophiaUploaderGui.init(LoadosophiaUploaderGui.java:114) ~[JMeterPlugins-Standard.jar:?]
	at kg.apc.jmeter.reporters.LoadosophiaUploaderGui.<init>(LoadosophiaUploaderGui.java:28) ~[JMeterPlugins-Standard.jar:?]
	... 26 more
2020-02-06 15:07:23,138 INFO o.a.j.p.h.s.HTTPSamplerBase: Parser for text/html is org.apache.jmeter.protocol.http.parser.LagartoBasedHtmlParser
2020-02-06 15:07:23,139 INFO o.a.j.p.h.s.HTTPSamplerBase: Parser for application/xhtml+xml is org.apache.jmeter.protocol.http.parser.LagartoBasedHtmlParser
2020-02-06 15:07:23,139 INFO o.a.j.p.h.s.HTTPSamplerBase: Parser for application/xml is org.apache.jmeter.protocol.http.parser.LagartoBasedHtmlParser
2020-02-06 15:07:23,139 INFO o.a.j.p.h.s.HTTPSamplerBase: Parser for text/xml is org.apache.jmeter.protocol.http.parser.LagartoBasedHtmlParser
2020-02-06 15:07:23,139 INFO o.a.j.p.h.s.HTTPSamplerBase: Parser for text/vnd.wap.wml is org.apache.jmeter.protocol.http.parser.RegexpHTMLParser
2020-02-06 15:07:23,139 INFO o.a.j.p.h.s.HTTPSamplerBase: Parser for text/css is org.apache.jmeter.protocol.http.parser.CssParser
2020-02-06 15:07:23,739 INFO o.a.j.e.KeyToolUtils: keytool found at 'keytool'
2020-02-06 15:07:23,740 INFO o.a.j.p.h.p.ProxyControl: HTTP(S) Test Script Recorder SSL Proxy will use keys that support embedded 3rd party resources in file /usr/local/Cellar/jmeter/5.2.1/libexec/bin/proxyserver.jks
2020-02-06 15:07:24,092 INFO o.a.j.s.FileServer: Default base='/Users/pvarga/projects/otpod/mountebank-finex/imposters'
2020-02-06 15:07:24,550 INFO o.a.j.s.SampleResult: Note: Sample TimeStamps are START times
2020-02-06 15:07:24,550 INFO o.a.j.s.SampleResult: sampleresult.default.encoding is set to ISO-8859-1
2020-02-06 15:07:24,550 INFO o.a.j.s.SampleResult: sampleresult.useNanoTime=true
2020-02-06 15:07:24,550 INFO o.a.j.s.SampleResult: sampleresult.nanoThreadSleep=5000
2020-02-06 15:07:24,576 INFO o.a.j.v.ViewResultsFullVisualizer: Add JavaFX to your Java installation if you want to use renderer: org.apache.jmeter.visualizers.RenderInBrowser
2020-02-06 15:10:06,805 INFO o.a.j.g.a.Load: Loading file: /Users/pvarga/Downloads/RocketAccount_Regression1.jmx
2020-02-06 15:10:06,805 INFO o.a.j.s.FileServer: Set new base='/Users/pvarga/Downloads'
2020-02-06 15:10:06,994 INFO o.a.j.s.SaveService: Testplan (JMX) version: 2.2. Testlog (JTL) version: 2.2
2020-02-06 15:10:07,081 INFO o.a.j.s.SaveService: Using SaveService properties version 5.0
2020-02-06 15:10:07,083 INFO o.a.j.s.SaveService: Using SaveService properties file encoding UTF-8
2020-02-06 15:10:07,085 INFO o.a.j.s.SaveService: Loading file: /Users/pvarga/Downloads/RocketAccount_Regression1.jmx
2020-02-06 15:10:07,147 INFO o.a.j.p.h.c.CookieManager: Settings: Delete null: true Check: true Allow variable: true Save: false Prefix: COOKIE_
2020-02-06 15:10:07,344 INFO o.a.j.v.ViewResultsFullVisualizer: Add JavaFX to your Java installation if you want to use renderer: org.apache.jmeter.visualizers.RenderInBrowser
2020-02-06 15:10:07,460 INFO o.a.j.e.u.CompoundVariable: Note: Function class names must contain the string: '.functions.'
2020-02-06 15:10:07,460 INFO o.a.j.e.u.CompoundVariable: Note: Function class names must not contain the string: '.gui.'
2020-02-06 15:10:07,891 INFO o.a.j.v.ViewResultsFullVisualizer: Add JavaFX to your Java installation if you want to use renderer: org.apache.jmeter.visualizers.RenderInBrowser
2020-02-06 15:10:07,942 INFO o.a.j.s.FileServer: Set new base='/Users/pvarga/Downloads'
2020-02-06 15:15:03,530 INFO o.a.j.g.a.Load: Loading file: /Users/pvarga/Downloads/BusinessDateCalculator.jmx
2020-02-06 15:15:03,531 INFO o.a.j.s.FileServer: Set new base='/Users/pvarga/Downloads'
2020-02-06 15:15:03,531 INFO o.a.j.s.SaveService: Loading file: /Users/pvarga/Downloads/BusinessDateCalculator.jmx
2020-02-06 15:15:03,658 WARN o.a.j.g.a.Load: Unexpected error. java.lang.ClassCastException: class org.apache.jmeter.save.TestResultWrapper cannot be cast to class org.apache.jmeter.save.ScriptWrapper (org.apache.jmeter.save.TestResultWrapper and org.apache.jmeter.save.ScriptWrapper are in unnamed module of loader org.apache.jmeter.DynamicClassLoader @2a84aee7)
java.lang.ClassCastException: class org.apache.jmeter.save.TestResultWrapper cannot be cast to class org.apache.jmeter.save.ScriptWrapper (org.apache.jmeter.save.TestResultWrapper and org.apache.jmeter.save.ScriptWrapper are in unnamed module of loader org.apache.jmeter.DynamicClassLoader @2a84aee7)
	at org.apache.jmeter.save.SaveService.readTree(SaveService.java:449) ~[ApacheJMeter_core.jar:5.2.1]
	at org.apache.jmeter.save.SaveService.loadTree(SaveService.java:432) ~[ApacheJMeter_core.jar:5.2.1]
	at org.apache.jmeter.gui.action.Load.loadProjectFile(Load.java:130) ~[ApacheJMeter_core.jar:5.2.1]
	at org.apache.jmeter.gui.action.Load.loadProjectFile(Load.java:102) ~[ApacheJMeter_core.jar:5.2.1]
	at org.apache.jmeter.gui.action.Load.doActionAfterCheck(Load.java:89) ~[ApacheJMeter_core.jar:5.2.1]
	at org.apache.jmeter.gui.action.AbstractActionWithNoRunningTest.doAction(AbstractActionWithNoRunningTest.java:45) ~[ApacheJMeter_core.jar:5.2.1]
	at org.apache.jmeter.gui.action.ActionRouter.performAction(ActionRouter.java:88) ~[ApacheJMeter_core.jar:5.2.1]
	at org.apache.jmeter.gui.action.ActionRouter.lambda$actionPerformed$0(ActionRouter.java:70) ~[ApacheJMeter_core.jar:5.2.1]
	at java.awt.event.InvocationEvent.dispatch(InvocationEvent.java:313) ~[?:?]
	at java.awt.EventQueue.dispatchEventImpl(EventQueue.java:770) ~[?:?]
	at java.awt.EventQueue$4.run(EventQueue.java:721) ~[?:?]
	at java.awt.EventQueue$4.run(EventQueue.java:715) ~[?:?]
	at java.security.AccessController.doPrivileged(AccessController.java:391) [?:?]
	at java.security.ProtectionDomain$JavaSecurityAccessImpl.doIntersectionPrivilege(ProtectionDomain.java:85) [?:?]
	at java.awt.EventQueue.dispatchEvent(EventQueue.java:740) [?:?]
	at java.awt.EventDispatchThread.pumpOneEventForFilters(EventDispatchThread.java:203) [?:?]
	at java.awt.EventDispatchThread.pumpEventsForFilter(EventDispatchThread.java:124) [?:?]
	at java.awt.EventDispatchThread.pumpEventsForHierarchy(EventDispatchThread.java:113) [?:?]
	at java.awt.EventDispatchThread.pumpEvents(EventDispatchThread.java:109) [?:?]
	at java.awt.EventDispatchThread.pumpEvents(EventDispatchThread.java:101) [?:?]
	at java.awt.EventDispatchThread.run(EventDispatchThread.java:90) [?:?]
2020-02-06 15:15:19,187 INFO o.a.j.g.a.Load: Loading file: /Users/pvarga/Downloads/QTradeWeb.jmx
2020-02-06 15:15:19,187 INFO o.a.j.s.FileServer: Set new base='/Users/pvarga/Downloads'
2020-02-06 15:15:19,187 INFO o.a.j.s.SaveService: Loading file: /Users/pvarga/Downloads/QTradeWeb.jmx
2020-02-06 15:15:19,256 INFO o.a.j.v.ViewResultsFullVisualizer: Add JavaFX to your Java installation if you want to use renderer: org.apache.jmeter.visualizers.RenderInBrowser
2020-02-06 15:15:19,399 INFO o.a.j.s.FileServer: Set new base='/Users/pvarga/Downloads'
2020-02-06 15:39:32,046 INFO o.a.j.e.StandardJMeterEngine: Running the test!
2020-02-06 15:39:32,063 INFO o.a.j.s.SampleEvent: List of sample_variables: []
2020-02-06 15:39:32,063 INFO o.a.j.s.SampleEvent: List of sample_variables: []
2020-02-06 15:39:32,074 INFO o.a.j.v.b.BackendListener: Backend Listener: Starting worker with class: class org.apache.jmeter.visualizers.backend.influxdb.InfluxdbBackendListenerClient and queue capacity: 5000
2020-02-06 15:39:32,077 INFO o.a.j.v.b.BackendListener: Backend Listener: Started  worker with class: class org.apache.jmeter.visualizers.backend.influxdb.InfluxdbBackendListenerClient
2020-02-06 15:39:32,716 INFO o.a.j.g.u.JMeterMenuBar: setRunning(true, *local*)
2020-02-06 15:39:32,825 INFO o.a.j.e.StandardJMeterEngine: Starting ThreadGroup: 1 : QTradeWebMarketDataPriceDiffProduct
2020-02-06 15:39:32,826 INFO o.a.j.e.StandardJMeterEngine: Starting 1 threads for group QTradeWebMarketDataPriceDiffProduct.
2020-02-06 15:39:32,826 INFO o.a.j.e.StandardJMeterEngine: Thread will continue on error
2020-02-06 15:39:32,826 INFO o.a.j.t.ThreadGroup: Starting thread group... number=1 threads=1 ramp-up=1 delayedStart=false
2020-02-06 15:39:32,828 INFO o.a.j.t.ThreadGroup: Started thread group number 1
2020-02-06 15:39:32,831 INFO o.a.j.e.StandardJMeterEngine: All thread groups have been started
2020-02-06 15:39:32,841 INFO o.a.j.t.JMeterThread: Thread started: QTradeWebMarketDataPriceDiffProduct 1-1
2020-02-06 15:39:32,864 INFO o.a.j.p.h.s.HTTPHCAbstractImpl: Local host = C02TK0KEGTDY
2020-02-06 15:39:32,873 INFO o.a.j.p.h.s.HTTPHC4Impl: HTTP request retry count = 0
2020-02-06 15:39:33,137 ERROR o.a.j.v.b.i.HttpMetricsSender: failed to send data to influxDB server.
java.net.ConnectException: Connection refused
	at sun.nio.ch.Net.pollConnect(Native Method) ~[?:?]
	at sun.nio.ch.Net.pollConnectNow(Net.java:579) ~[?:?]
	at sun.nio.ch.SocketChannelImpl.finishConnect(SocketChannelImpl.java:820) ~[?:?]
	at org.apache.http.impl.nio.reactor.DefaultConnectingIOReactor.processEvent(DefaultConnectingIOReactor.java:174) [httpcore-nio-4.4.12.jar:4.4.12]
	at org.apache.http.impl.nio.reactor.DefaultConnectingIOReactor.processEvents(DefaultConnectingIOReactor.java:148) [httpcore-nio-4.4.12.jar:4.4.12]
	at org.apache.http.impl.nio.reactor.AbstractMultiworkerIOReactor.execute(AbstractMultiworkerIOReactor.java:351) [httpcore-nio-4.4.12.jar:4.4.12]
	at org.apache.http.impl.nio.conn.PoolingNHttpClientConnectionManager.execute(PoolingNHttpClientConnectionManager.java:221) [httpasyncclient-4.1.4.jar:4.1.4]
	at org.apache.http.impl.nio.client.CloseableHttpAsyncClientBase$1.run(CloseableHttpAsyncClientBase.java:64) [httpasyncclient-4.1.4.jar:4.1.4]
	at java.lang.Thread.run(Thread.java:830) [?:?]
2020-02-06 15:39:37,720 ERROR o.a.j.v.b.i.HttpMetricsSender: failed to send data to influxDB server.
java.net.ConnectException: Connection refused
	at sun.nio.ch.Net.pollConnect(Native Method) ~[?:?]
	at sun.nio.ch.Net.pollConnectNow(Net.java:579) ~[?:?]
	at sun.nio.ch.SocketChannelImpl.finishConnect(SocketChannelImpl.java:820) ~[?:?]
	at org.apache.http.impl.nio.reactor.DefaultConnectingIOReactor.processEvent(DefaultConnectingIOReactor.java:174) [httpcore-nio-4.4.12.jar:4.4.12]
	at org.apache.http.impl.nio.reactor.DefaultConnectingIOReactor.processEvents(DefaultConnectingIOReactor.java:148) [httpcore-nio-4.4.12.jar:4.4.12]
	at org.apache.http.impl.nio.reactor.AbstractMultiworkerIOReactor.execute(AbstractMultiworkerIOReactor.java:351) [httpcore-nio-4.4.12.jar:4.4.12]
	at org.apache.http.impl.nio.conn.PoolingNHttpClientConnectionManager.execute(PoolingNHttpClientConnectionManager.java:221) [httpasyncclient-4.1.4.jar:4.1.4]
	at org.apache.http.impl.nio.client.CloseableHttpAsyncClientBase$1.run(CloseableHttpAsyncClientBase.java:64) [httpasyncclient-4.1.4.jar:4.1.4]
	at java.lang.Thread.run(Thread.java:830) [?:?]
2020-02-06 15:39:38,006 INFO o.a.j.p.h.s.h.LazyLayeredConnectionSocketFactory: Setting up HTTPS TrustAll Socket Factory
2020-02-06 15:39:38,012 INFO o.a.j.u.JsseSSLManager: Using default SSL protocol: TLS
2020-02-06 15:39:38,012 INFO o.a.j.u.JsseSSLManager: SSL session context: per-thread
2020-02-06 15:39:38,020 INFO o.a.j.u.SSLManager: JmeterKeyStore Location:  type JKS
2020-02-06 15:39:38,021 INFO o.a.j.u.SSLManager: KeyStore created OK
2020-02-06 15:39:38,021 WARN o.a.j.u.SSLManager: Keystore file not found, loading empty keystore
2020-02-06 15:39:38,416 WARN o.a.h.i.a.HttpAuthenticator: NEGOTIATE authentication error: Invalid name provided (Mechanism level: KrbException: Cannot locate default realm)
2020-02-06 15:39:39,372 WARN o.a.h.i.a.HttpAuthenticator: NEGOTIATE authentication error: Invalid name provided (Mechanism level: KrbException: Cannot locate default realm)
2020-02-06 15:39:39,472 WARN o.a.h.i.a.HttpAuthenticator: NEGOTIATE authentication error: Invalid name provided (Mechanism level: KrbException: Cannot locate default realm)
2020-02-06 15:39:39,554 INFO o.a.j.t.JMeterThread: Thread is done: QTradeWebMarketDataPriceDiffProduct 1-1
2020-02-06 15:39:39,556 INFO o.a.j.t.JMeterThread: Thread finished: QTradeWebMarketDataPriceDiffProduct 1-1
2020-02-06 15:39:39,562 INFO o.a.j.e.StandardJMeterEngine: Notifying test listeners of end of test
2020-02-06 15:39:39,563 INFO o.a.j.v.b.BackendListener: Worker ended
2020-02-06 15:39:39,566 INFO o.a.j.v.b.i.InfluxdbBackendListenerClient: Sending last metrics
2020-02-06 15:39:39,578 INFO o.a.j.v.b.i.HttpMetricsSender: Destroying 
2020-02-06 15:39:39,580 ERROR o.a.j.v.b.i.HttpMetricsSender: failed to send data to influxDB server.
java.net.ConnectException: Connection refused
	at sun.nio.ch.Net.pollConnect(Native Method) ~[?:?]
	at sun.nio.ch.Net.pollConnectNow(Net.java:579) ~[?:?]
	at sun.nio.ch.SocketChannelImpl.finishConnect(SocketChannelImpl.java:820) ~[?:?]
	at org.apache.http.impl.nio.reactor.DefaultConnectingIOReactor.processEvent(DefaultConnectingIOReactor.java:174) [httpcore-nio-4.4.12.jar:4.4.12]
	at org.apache.http.impl.nio.reactor.DefaultConnectingIOReactor.processEvents(DefaultConnectingIOReactor.java:148) [httpcore-nio-4.4.12.jar:4.4.12]
	at org.apache.http.impl.nio.reactor.AbstractMultiworkerIOReactor.execute(AbstractMultiworkerIOReactor.java:351) [httpcore-nio-4.4.12.jar:4.4.12]
	at org.apache.http.impl.nio.conn.PoolingNHttpClientConnectionManager.execute(PoolingNHttpClientConnectionManager.java:221) [httpasyncclient-4.1.4.jar:4.1.4]
	at org.apache.http.impl.nio.client.CloseableHttpAsyncClientBase$1.run(CloseableHttpAsyncClientBase.java:64) [httpasyncclient-4.1.4.jar:4.1.4]
	at java.lang.Thread.run(Thread.java:830) [?:?]
2020-02-06 15:39:39,581 ERROR o.a.j.v.b.i.HttpMetricsSender: Error waiting for last request to be send to InfluxDB
java.util.concurrent.ExecutionException: java.net.ConnectException: Connection refused
	at org.apache.http.concurrent.BasicFuture.getResult(BasicFuture.java:70) ~[httpcore-4.4.1.jar:4.4.1]
	at org.apache.http.concurrent.BasicFuture.get(BasicFuture.java:98) ~[httpcore-4.4.1.jar:4.4.1]
	at org.apache.http.impl.nio.client.FutureWrapper.get(FutureWrapper.java:75) ~[httpasyncclient-4.1.4.jar:4.1.4]
	at org.apache.jmeter.visualizers.backend.influxdb.HttpMetricsSender.destroy(HttpMetricsSender.java:246) [ApacheJMeter_components.jar:5.2.1]
	at org.apache.jmeter.visualizers.backend.influxdb.InfluxdbBackendListenerClient.teardownTest(InfluxdbBackendListenerClient.java:419) [ApacheJMeter_components.jar:5.2.1]
	at org.apache.jmeter.visualizers.backend.BackendListener.testEnded(BackendListener.java:376) [ApacheJMeter_components.jar:5.2.1]
	at org.apache.jmeter.visualizers.backend.BackendListener.testEnded(BackendListener.java:384) [ApacheJMeter_components.jar:5.2.1]
	at org.apache.jmeter.engine.StandardJMeterEngine.notifyTestListenersOfEnd(StandardJMeterEngine.java:218) [ApacheJMeter_core.jar:5.2.1]
	at org.apache.jmeter.engine.StandardJMeterEngine.run(StandardJMeterEngine.java:492) [ApacheJMeter_core.jar:5.2.1]
	at java.lang.Thread.run(Thread.java:830) [?:?]
Caused by: java.net.ConnectException: Connection refused
	at sun.nio.ch.Net.pollConnect(Native Method) ~[?:?]
	at sun.nio.ch.Net.pollConnectNow(Net.java:579) ~[?:?]
	at sun.nio.ch.SocketChannelImpl.finishConnect(SocketChannelImpl.java:820) ~[?:?]
	at org.apache.http.impl.nio.reactor.DefaultConnectingIOReactor.processEvent(DefaultConnectingIOReactor.java:174) ~[httpcore-nio-4.4.12.jar:4.4.12]
	at org.apache.http.impl.nio.reactor.DefaultConnectingIOReactor.processEvents(DefaultConnectingIOReactor.java:148) ~[httpcore-nio-4.4.12.jar:4.4.12]
	at org.apache.http.impl.nio.reactor.AbstractMultiworkerIOReactor.execute(AbstractMultiworkerIOReactor.java:351) ~[httpcore-nio-4.4.12.jar:4.4.12]
	at org.apache.http.impl.nio.conn.PoolingNHttpClientConnectionManager.execute(PoolingNHttpClientConnectionManager.java:221) ~[httpasyncclient-4.1.4.jar:4.1.4]
	at org.apache.http.impl.nio.client.CloseableHttpAsyncClientBase$1.run(CloseableHttpAsyncClientBase.java:64) ~[httpasyncclient-4.1.4.jar:4.1.4]
	... 1 more
2020-02-06 15:39:39,596 INFO o.a.j.g.u.JMeterMenuBar: setRunning(false, *local*)
2020-02-06 15:41:05,136 INFO o.a.j.v.ViewResultsFullVisualizer: Add JavaFX to your Java installation if you want to use renderer: org.apache.jmeter.visualizers.RenderInBrowser
2020-02-06 15:41:05,171 INFO o.a.j.g.a.Load: Loading file: /Users/pvarga/Downloads/OmegaSpike.jmx
2020-02-06 15:41:05,171 INFO o.a.j.s.FileServer: Set new base='/Users/pvarga/Downloads'
2020-02-06 15:41:05,172 INFO o.a.j.s.SaveService: Loading file: /Users/pvarga/Downloads/OmegaSpike.jmx
2020-02-06 15:41:05,305 INFO o.a.j.v.ViewResultsFullVisualizer: Add JavaFX to your Java installation if you want to use renderer: org.apache.jmeter.visualizers.RenderInBrowser
2020-02-06 15:41:05,381 INFO o.a.j.s.FileServer: Set new base='/Users/pvarga/Downloads'
2020-02-06 15:43:29,203 INFO o.a.j.e.StandardJMeterEngine: Running the test!
2020-02-06 15:43:29,203 INFO o.a.j.s.SampleEvent: List of sample_variables: []
2020-02-06 15:43:29,205 INFO o.a.j.g.u.JMeterMenuBar: setRunning(true, *local*)
2020-02-06 15:43:29,368 INFO o.a.j.e.StandardJMeterEngine: Starting ThreadGroup: 1 : Thread Group
2020-02-06 15:43:29,369 INFO o.a.j.e.StandardJMeterEngine: Starting 1 threads for group Thread Group.
2020-02-06 15:43:29,369 INFO o.a.j.e.StandardJMeterEngine: Thread will continue on error
2020-02-06 15:43:29,369 INFO o.a.j.t.ThreadGroup: Starting thread group... number=1 threads=1 ramp-up=1 delayedStart=false
2020-02-06 15:43:29,371 INFO o.a.j.t.ThreadGroup: Started thread group number 1
2020-02-06 15:43:29,371 INFO o.a.j.e.StandardJMeterEngine: All thread groups have been started
2020-02-06 15:43:29,371 INFO o.a.j.t.JMeterThread: Thread started: Thread Group 1-1
2020-02-06 15:43:29,669 INFO o.a.j.t.JMeterThread: Thread is done: Thread Group 1-1
2020-02-06 15:43:29,670 INFO o.a.j.t.JMeterThread: Thread finished: Thread Group 1-1
2020-02-06 15:43:29,670 INFO o.a.j.e.StandardJMeterEngine: Notifying test listeners of end of test
2020-02-06 15:43:29,671 INFO o.a.j.g.u.JMeterMenuBar: setRunning(false, *local*)
2020-02-06 15:43:39,907 ERROR o.a.j.JMeter: Uncaught exception in thread Thread[AWT-EventQueue-0,6,main]
java.lang.ClassCastException: class javax.swing.text.AbstractDocument$DefaultDocumentEventUndoableWrapper cannot be cast to class javax.swing.text.AbstractDocument$DefaultDocumentEvent (javax.swing.text.AbstractDocument$DefaultDocumentEventUndoableWrapper and javax.swing.text.AbstractDocument$DefaultDocumentEvent are in module java.desktop of loader 'bootstrap')
	at jsyntaxpane.CompoundUndoMan.undoableEditHappened(CompoundUndoMan.java:61) ~[jsyntaxpane-1.0.0.jar:1.0.0]
	at javax.swing.text.AbstractDocument.fireUndoableEditUpdate(AbstractDocument.java:293) ~[?:?]
	at javax.swing.text.AbstractDocument.handleInsertString(AbstractDocument.java:761) ~[?:?]
	at javax.swing.text.AbstractDocument.insertString(AbstractDocument.java:716) ~[?:?]
	at javax.swing.text.PlainDocument.insertString(PlainDocument.java:131) ~[?:?]
	at org.apache.jmeter.visualizers.SamplerResultTab.setTextOptimized(SamplerResultTab.java:692) ~[ApacheJMeter_components.jar:5.2.1]
	at org.apache.jmeter.visualizers.RenderAsText.showTextResponse(RenderAsText.java:35) ~[ApacheJMeter_components.jar:5.2.1]
	at org.apache.jmeter.visualizers.RenderAsText.renderResult(RenderAsText.java:30) ~[ApacheJMeter_components.jar:5.2.1]
	at org.apache.jmeter.visualizers.ViewResultsFullVisualizer.valueChanged(ViewResultsFullVisualizer.java:389) ~[ApacheJMeter_components.jar:5.2.1]
	at org.apache.jmeter.visualizers.ViewResultsFullVisualizer.valueChanged(ViewResultsFullVisualizer.java:362) ~[ApacheJMeter_components.jar:5.2.1]
	at javax.swing.JTree.fireValueChanged(JTree.java:2967) ~[?:?]
	at javax.swing.JTree$TreeSelectionRedirector.valueChanged(JTree.java:3456) ~[?:?]
	at javax.swing.tree.DefaultTreeSelectionModel.fireValueChanged(DefaultTreeSelectionModel.java:641) ~[?:?]
	at javax.swing.tree.DefaultTreeSelectionModel.notifyPathChange(DefaultTreeSelectionModel.java:1111) ~[?:?]
	at javax.swing.tree.DefaultTreeSelectionModel.setSelectionPaths(DefaultTreeSelectionModel.java:297) ~[?:?]
	at javax.swing.tree.DefaultTreeSelectionModel.setSelectionPath(DefaultTreeSelectionModel.java:191) ~[?:?]
	at javax.swing.JTree.setSelectionPath(JTree.java:1656) ~[?:?]
	at javax.swing.plaf.basic.BasicTreeUI.selectPathForEvent(BasicTreeUI.java:2736) ~[?:?]
	at javax.swing.plaf.basic.BasicTreeUI$Handler.handleSelection(BasicTreeUI.java:4016) ~[?:?]
	at javax.swing.plaf.basic.BasicTreeUI$Handler.mousePressed(BasicTreeUI.java:3955) ~[?:?]
	at java.awt.Component.processMouseEvent(Component.java:6633) ~[?:?]
	at javax.swing.JComponent.processMouseEvent(JComponent.java:3342) ~[?:?]
	at java.awt.Component.processEvent(Component.java:6401) ~[?:?]
	at java.awt.Container.processEvent(Container.java:2263) ~[?:?]
	at java.awt.Component.dispatchEventImpl(Component.java:5012) ~[?:?]
	at java.awt.Container.dispatchEventImpl(Container.java:2321) ~[?:?]
	at java.awt.Component.dispatchEvent(Component.java:4844) ~[?:?]
	at java.awt.LightweightDispatcher.retargetMouseEvent(Container.java:4918) ~[?:?]
	at java.awt.LightweightDispatcher.processMouseEvent(Container.java:4544) ~[?:?]
	at java.awt.LightweightDispatcher.dispatchEvent(Container.java:4488) ~[?:?]
	at java.awt.Container.dispatchEventImpl(Container.java:2307) ~[?:?]
	at java.awt.Window.dispatchEventImpl(Window.java:2762) ~[?:?]
	at java.awt.Component.dispatchEvent(Component.java:4844) ~[?:?]
	at java.awt.EventQueue.dispatchEventImpl(EventQueue.java:772) ~[?:?]
	at java.awt.EventQueue$4.run(EventQueue.java:721) ~[?:?]
	at java.awt.EventQueue$4.run(EventQueue.java:715) ~[?:?]
	at java.security.AccessController.doPrivileged(AccessController.java:391) ~[?:?]
	at java.security.ProtectionDomain$JavaSecurityAccessImpl.doIntersectionPrivilege(ProtectionDomain.java:85) ~[?:?]
	at java.security.ProtectionDomain$JavaSecurityAccessImpl.doIntersectionPrivilege(ProtectionDomain.java:95) ~[?:?]
	at java.awt.EventQueue$5.run(EventQueue.java:745) ~[?:?]
	at java.awt.EventQueue$5.run(EventQueue.java:743) ~[?:?]
	at java.security.AccessController.doPrivileged(AccessController.java:391) ~[?:?]
	at java.security.ProtectionDomain$JavaSecurityAccessImpl.doIntersectionPrivilege(ProtectionDomain.java:85) ~[?:?]
	at java.awt.EventQueue.dispatchEvent(EventQueue.java:742) ~[?:?]
	at java.awt.EventDispatchThread.pumpOneEventForFilters(EventDispatchThread.java:203) [?:?]
	at java.awt.EventDispatchThread.pumpEventsForFilter(EventDispatchThread.java:124) [?:?]
	at java.awt.EventDispatchThread.pumpEventsForHierarchy(EventDispatchThread.java:113) [?:?]
	at java.awt.EventDispatchThread.pumpEvents(EventDispatchThread.java:109) [?:?]
	at java.awt.EventDispatchThread.pumpEvents(EventDispatchThread.java:101) [?:?]
	at java.awt.EventDispatchThread.run(EventDispatchThread.java:90) [?:?]
